This file contains any messages produced by compilers while
running configure, to aid debugging if configure makes a mistake.

It was created by libenet configure 11-12-2009, which was
generated by GNU Autoconf 2.67.  Invocation command line was

  $ ./configure --no-create --no-recursion

## --------- ##
## Platform. ##
## --------- ##

hostname = daquino-desktop
uname -m = i686
uname -r = 2.6.38-11-generic-pae
uname -s = Linux
uname -v = #48-Ubuntu SMP Fri Jul 29 20:51:21 UTC 2011

/usr/bin/uname -p = unknown
/bin/uname -X     = unknown

/bin/arch              = unknown
/usr/bin/arch -k       = unknown
/usr/convex/getsysinfo = unknown
/usr/bin/hostinfo      = unknown
/bin/machine           = unknown
/usr/bin/oslevel       = unknown
/bin/universe          = unknown

PATH: /home/daquino/bin
PATH: /usr/local/sbin
PATH: /usr/local/bin
PATH: /usr/sbin
PATH: /usr/bin
PATH: /sbin
PATH: /bin
PATH: /usr/games
PATH: /home/daquino/.rvm/bin


## ----------- ##
## Core tests. ##
## ----------- ##

configure:2379: checking build system type
configure:2393: result: i686-pc-linux-gnu
configure:2413: checking host system type
configure:2426: result: i686-pc-linux-gnu
configure:2494: checking for gcc
configure:2510: found /usr/bin/gcc
configure:2521: result: gcc
configure:2750: checking for C compiler version
configure:2759: gcc --version >&5
gcc (Ubuntu/Linaro 4.5.2-8ubuntu4) 4.5.2
Copyright (C) 2010 Free Software Foundation, Inc.
This is free software; see the source for copying conditions.  There is NO
warranty; not even for MERCHANTABILITY or FITNESS FOR A PARTICULAR PURPOSE.

configure:2770: $? = 0
configure:2759: gcc -v >&5
Using built-in specs.
COLLECT_GCC=gcc
COLLECT_LTO_WRAPPER=/usr/lib/i386-linux-gnu/gcc/i686-linux-gnu/4.5.2/lto-wrapper
Target: i686-linux-gnu
Configured with: ../src/configure -v --with-pkgversion='Ubuntu/Linaro 4.5.2-8ubuntu4' --with-bugurl=file:///usr/share/doc/gcc-4.5/README.Bugs --enable-languages=c,c++,fortran,objc,obj-c++ --prefix=/usr --program-suffix=-4.5 --enable-shared --enable-multiarch --with-multiarch-defaults=i386-linux-gnu --enable-linker-build-id --with-system-zlib --libexecdir=/usr/lib/i386-linux-gnu --without-included-gettext --enable-threads=posix --with-gxx-include-dir=/usr/include/c++/4.5 --libdir=/usr/lib/i386-linux-gnu --enable-nls --with-sysroot=/ --enable-clocale=gnu --enable-libstdcxx-debug --enable-libstdcxx-time=yes --enable-plugin --enable-gold --enable-ld=default --with-plugin-ld=ld.gold --enable-objc-gc --enable-targets=all --disable-werror --with-arch-32=i686 --with-tune=generic --enable-checking=release --build=i686-linux-gnu --host=i686-linux-gnu --target=i686-linux-gnu
Thread model: posix
gcc version 4.5.2 (Ubuntu/Linaro 4.5.2-8ubuntu4) 
configure:2770: $? = 0
configure:2759: gcc -V >&5
gcc: '-V' option must have argument
configure:2770: $? = 1
configure:2759: gcc -qversion >&5
gcc: unrecognized option '-qversion'
gcc: no input files
configure:2770: $? = 1
configure:2790: checking whether the C compiler works
configure:2812: gcc    conftest.c  >&5
configure:2816: $? = 0
configure:2864: result: yes
configure:2867: checking for C compiler default output file name
configure:2869: result: a.out
configure:2875: checking for suffix of executables
configure:2882: gcc -o conftest    conftest.c  >&5
configure:2886: $? = 0
configure:2908: result: 
configure:2930: checking whether we are cross compiling
configure:2938: gcc -o conftest    conftest.c  >&5
configure:2942: $? = 0
configure:2949: ./conftest
configure:2953: $? = 0
configure:2968: result: no
configure:2973: checking for suffix of object files
configure:2995: gcc -c   conftest.c >&5
configure:2999: $? = 0
configure:3020: result: o
configure:3024: checking whether we are using the GNU C compiler
configure:3043: gcc -c   conftest.c >&5
configure:3043: $? = 0
configure:3052: result: yes
configure:3061: checking whether gcc accepts -g
configure:3081: gcc -c -g  conftest.c >&5
configure:3081: $? = 0
configure:3122: result: yes
configure:3139: checking for gcc option to accept ISO C89
configure:3203: gcc  -c -g -O2  conftest.c >&5
configure:3203: $? = 0
configure:3216: result: none needed
configure:3236: checking for a sed that does not truncate output
configure:3300: result: /bin/sed
configure:3318: checking for grep that handles long lines and -e
configure:3376: result: /bin/grep
configure:3381: checking for egrep
configure:3443: result: /bin/grep -E
configure:3448: checking for fgrep
configure:3510: result: /bin/grep -F
configure:3545: checking for ld used by gcc
configure:3612: result: /usr/bin/ld
configure:3619: checking if the linker (/usr/bin/ld) is GNU ld
configure:3634: result: yes
configure:3646: checking for BSD- or MS-compatible name lister (nm)
configure:3695: result: /usr/bin/nm -B
configure:3813: checking the name lister (/usr/bin/nm -B) interface
configure:3820: gcc -c -g -O2  conftest.c >&5
configure:3823: /usr/bin/nm -B "conftest.o"
configure:3826: output
00000000 B some_variable
configure:3833: result: BSD nm
configure:3836: checking whether ln -s works
configure:3840: result: yes
configure:3848: checking the maximum length of command line arguments
configure:3968: result: 805306365
configure:3985: checking whether the shell understands some XSI constructs
configure:3995: result: yes
configure:3999: checking whether the shell understands "+="
configure:4005: result: yes
configure:4040: checking for /usr/bin/ld option to reload object files
configure:4047: result: -r
configure:4116: checking for objdump
configure:4132: found /usr/bin/objdump
configure:4143: result: objdump
configure:4175: checking how to recognize dependent libraries
configure:4371: result: pass_all
configure:4431: checking for ar
configure:4447: found /usr/bin/ar
configure:4458: result: ar
configure:4536: checking for strip
configure:4552: found /usr/bin/strip
configure:4563: result: strip
configure:4635: checking for ranlib
configure:4651: found /usr/bin/ranlib
configure:4662: result: ranlib
configure:4752: checking command to parse /usr/bin/nm -B output from gcc object
configure:4870: gcc -c -g -O2  conftest.c >&5
configure:4873: $? = 0
configure:4877: /usr/bin/nm -B conftest.o \| sed -n -e 's/^.*[	 ]\([ABCDGIRSTW][ABCDGIRSTW]*\)[	 ][	 ]*\([_A-Za-z][_A-Za-z0-9]*\)$/\1 \2 \2/p' \> conftest.nm
configure:4880: $? = 0
configure:4934: gcc -o conftest -g -O2   conftest.c conftstm.o >&5
configure:4937: $? = 0
configure:4975: result: ok
configure:5784: checking how to run the C preprocessor
configure:5815: gcc -E  conftest.c
configure:5815: $? = 0
configure:5829: gcc -E  conftest.c
conftest.c:9:28: fatal error: ac_nonexistent.h: No such file or directory
compilation terminated.
configure:5829: $? = 1
configure: failed program was:
| /* confdefs.h */
| #define PACKAGE_NAME "libenet"
| #define PACKAGE_TARNAME "libenet"
| #define PACKAGE_VERSION "11-12-2009"
| #define PACKAGE_STRING "libenet 11-12-2009"
| #define PACKAGE_BUGREPORT ""
| #define PACKAGE_URL ""
| /* end confdefs.h.  */
| #include <ac_nonexistent.h>
configure:5854: result: gcc -E
configure:5874: gcc -E  conftest.c
configure:5874: $? = 0
configure:5888: gcc -E  conftest.c
conftest.c:9:28: fatal error: ac_nonexistent.h: No such file or directory
compilation terminated.
configure:5888: $? = 1
configure: failed program was:
| /* confdefs.h */
| #define PACKAGE_NAME "libenet"
| #define PACKAGE_TARNAME "libenet"
| #define PACKAGE_VERSION "11-12-2009"
| #define PACKAGE_STRING "libenet 11-12-2009"
| #define PACKAGE_BUGREPORT ""
| #define PACKAGE_URL ""
| /* end confdefs.h.  */
| #include <ac_nonexistent.h>
configure:5917: checking for ANSI C header files
configure:5937: gcc -c -g -O2  conftest.c >&5
configure:5937: $? = 0
configure:6010: gcc -o conftest -g -O2   conftest.c  >&5
configure:6010: $? = 0
configure:6010: ./conftest
configure:6010: $? = 0
configure:6021: result: yes
configure:6034: checking for sys/types.h
configure:6034: gcc -c -g -O2  conftest.c >&5
configure:6034: $? = 0
configure:6034: result: yes
configure:6034: checking for sys/stat.h
configure:6034: gcc -c -g -O2  conftest.c >&5
configure:6034: $? = 0
configure:6034: result: yes
configure:6034: checking for stdlib.h
configure:6034: gcc -c -g -O2  conftest.c >&5
configure:6034: $? = 0
configure:6034: result: yes
configure:6034: checking for string.h
configure:6034: gcc -c -g -O2  conftest.c >&5
configure:6034: $? = 0
configure:6034: result: yes
configure:6034: checking for memory.h
configure:6034: gcc -c -g -O2  conftest.c >&5
configure:6034: $? = 0
configure:6034: result: yes
configure:6034: checking for strings.h
configure:6034: gcc -c -g -O2  conftest.c >&5
configure:6034: $? = 0
configure:6034: result: yes
configure:6034: checking for inttypes.h
configure:6034: gcc -c -g -O2  conftest.c >&5
configure:6034: $? = 0
configure:6034: result: yes
configure:6034: checking for stdint.h
configure:6034: gcc -c -g -O2  conftest.c >&5
configure:6034: $? = 0
configure:6034: result: yes
configure:6034: checking for unistd.h
configure:6034: gcc -c -g -O2  conftest.c >&5
configure:6034: $? = 0
configure:6034: result: yes
configure:6048: checking for dlfcn.h
configure:6048: gcc -c -g -O2  conftest.c >&5
configure:6048: $? = 0
configure:6048: result: yes
configure:6232: checking for objdir
configure:6247: result: .libs
configure:6539: checking if gcc supports -fno-rtti -fno-exceptions
configure:6557: gcc -c -g -O2  -fno-rtti -fno-exceptions conftest.c >&5
cc1: warning: command line option "-fno-rtti" is valid for C++/ObjC++ but not for C
configure:6561: $? = 0
configure:6574: result: no
configure:6594: checking for gcc option to produce PIC
configure:6866: result: -fPIC -DPIC
configure:6878: checking if gcc PIC flag -fPIC -DPIC works
configure:6896: gcc -c -g -O2  -fPIC -DPIC -DPIC conftest.c >&5
configure:6900: $? = 0
configure:6913: result: yes
configure:6937: checking if gcc static flag -static works
configure:6965: result: yes
configure:6980: checking if gcc supports -c -o file.o
configure:7001: gcc -c -g -O2  -o out/conftest2.o conftest.c >&5
configure:7005: $? = 0
configure:7027: result: yes
configure:7035: checking if gcc supports -c -o file.o
configure:7082: result: yes
configure:7115: checking whether the gcc linker (/usr/bin/ld) supports shared libraries
configure:8106: result: yes
configure:8143: checking whether -lc should be explicitly linked in
configure:8148: gcc -c -g -O2  conftest.c >&5
configure:8151: $? = 0
configure:8166: gcc -shared conftest.o  -v -Wl,-soname -Wl,conftest -o conftest 2\>\&1 \| /bin/grep  -lc  \>/dev/null 2\>\&1
configure:8169: $? = 0
configure:8181: result: no
configure:8345: checking dynamic linker characteristics
configure:8778: gcc -o conftest -g -O2   -Wl,-rpath -Wl,/foo conftest.c  >&5
configure:8778: $? = 0
configure:9008: result: GNU/Linux ld.so
configure:9110: checking how to hardcode library paths into programs
configure:9135: result: immediate
configure:9655: checking whether stripping libraries is possible
configure:9660: result: yes
configure:9695: checking if libtool supports shared libraries
configure:9697: result: yes
configure:9700: checking whether to build shared libraries
configure:9721: result: yes
configure:9724: checking whether to build static libraries
configure:9728: result: yes
configure:9779: checking for a BSD-compatible install
configure:9847: result: /usr/bin/install -c
configure:9858: checking whether build environment is sane
configure:9908: result: yes
configure:10049: checking for a thread-safe mkdir -p
configure:10088: result: /bin/mkdir -p
configure:10101: checking for gawk
configure:10117: found /usr/bin/gawk
configure:10128: result: gawk
configure:10139: checking whether make sets $(MAKE)
configure:10161: result: yes
configure:10191: checking for style of include used by make
configure:10219: result: GNU
configure:10304: checking dependency style of gcc
configure:10414: result: gcc3
configure:10479: checking for gcc
configure:10506: result: gcc
configure:10735: checking for C compiler version
configure:10744: gcc --version >&5
gcc (Ubuntu/Linaro 4.5.2-8ubuntu4) 4.5.2
Copyright (C) 2010 Free Software Foundation, Inc.
This is free software; see the source for copying conditions.  There is NO
warranty; not even for MERCHANTABILITY or FITNESS FOR A PARTICULAR PURPOSE.

configure:10755: $? = 0
configure:10744: gcc -v >&5
Using built-in specs.
COLLECT_GCC=gcc
COLLECT_LTO_WRAPPER=/usr/lib/i386-linux-gnu/gcc/i686-linux-gnu/4.5.2/lto-wrapper
Target: i686-linux-gnu
Configured with: ../src/configure -v --with-pkgversion='Ubuntu/Linaro 4.5.2-8ubuntu4' --with-bugurl=file:///usr/share/doc/gcc-4.5/README.Bugs --enable-languages=c,c++,fortran,objc,obj-c++ --prefix=/usr --program-suffix=-4.5 --enable-shared --enable-multiarch --with-multiarch-defaults=i386-linux-gnu --enable-linker-build-id --with-system-zlib --libexecdir=/usr/lib/i386-linux-gnu --without-included-gettext --enable-threads=posix --with-gxx-include-dir=/usr/include/c++/4.5 --libdir=/usr/lib/i386-linux-gnu --enable-nls --with-sysroot=/ --enable-clocale=gnu --enable-libstdcxx-debug --enable-libstdcxx-time=yes --enable-plugin --enable-gold --enable-ld=default --with-plugin-ld=ld.gold --enable-objc-gc --enable-targets=all --disable-werror --with-arch-32=i686 --with-tune=generic --enable-checking=release --build=i686-linux-gnu --host=i686-linux-gnu --target=i686-linux-gnu
Thread model: posix
gcc version 4.5.2 (Ubuntu/Linaro 4.5.2-8ubuntu4) 
configure:10755: $? = 0
configure:10744: gcc -V >&5
gcc: '-V' option must have argument
configure:10755: $? = 1
configure:10744: gcc -qversion >&5
gcc: unrecognized option '-qversion'
gcc: no input files
configure:10755: $? = 1
configure:10759: checking whether we are using the GNU C compiler
configure:10787: result: yes
configure:10796: checking whether gcc accepts -g
configure:10857: result: yes
configure:10874: checking for gcc option to accept ISO C89
configure:10951: result: none needed
configure:11014: checking for ranlib
configure:11041: result: ranlib
configure:11064: checking for gethostbyaddr_r
configure:11064: gcc -o conftest -g -O2   conftest.c  >&5
configure:11064: $? = 0
configure:11064: result: yes
configure:11070: checking for gethostbyname_r
configure:11070: gcc -o conftest -g -O2   conftest.c  >&5
configure:11070: $? = 0
configure:11070: result: yes
configure:11076: checking for poll
configure:11076: gcc -o conftest -g -O2   conftest.c  >&5
configure:11076: $? = 0
configure:11076: result: yes
configure:11082: checking for fcntl
configure:11082: gcc -o conftest -g -O2   conftest.c  >&5
configure:11082: $? = 0
configure:11082: result: yes
configure:11088: checking for inet_pton
configure:11088: gcc -o conftest -g -O2   conftest.c  >&5
configure:11088: $? = 0
configure:11088: result: yes
configure:11094: checking for inet_ntop
configure:11094: gcc -o conftest -g -O2   conftest.c  >&5
configure:11094: $? = 0
configure:11094: result: yes
configure:11101: checking for struct msghdr.msg_flags
configure:11101: gcc -c -g -O2  conftest.c >&5
configure:11101: $? = 0
configure:11101: result: yes
configure:11109: checking for socklen_t
configure:11109: gcc -c -g -O2  conftest.c >&5
configure:11109: $? = 0
configure:11109: gcc -c -g -O2  conftest.c >&5
conftest.c: In function 'main':
conftest.c:37:24: error: expected expression before ')' token
configure:11109: $? = 1
configure: failed program was:
| /* confdefs.h */
| #define PACKAGE_NAME "libenet"
| #define PACKAGE_TARNAME "libenet"
| #define PACKAGE_VERSION "11-12-2009"
| #define PACKAGE_STRING "libenet 11-12-2009"
| #define PACKAGE_BUGREPORT ""
| #define PACKAGE_URL ""
| #define STDC_HEADERS 1
| #define HAVE_SYS_TYPES_H 1
| #define HAVE_SYS_STAT_H 1
| #define HAVE_STDLIB_H 1
| #define HAVE_STRING_H 1
| #define HAVE_MEMORY_H 1
| #define HAVE_STRINGS_H 1
| #define HAVE_INTTYPES_H 1
| #define HAVE_STDINT_H 1
| #define HAVE_UNISTD_H 1
| #define HAVE_DLFCN_H 1
| #define LT_OBJDIR ".libs/"
| #define PACKAGE "libenet"
| #define VERSION "11-12-2009"
| #define HAS_GETHOSTBYADDR_R 1
| #define HAS_GETHOSTBYNAME_R 1
| #define HAS_POLL 1
| #define HAS_FCNTL 1
| #define HAS_INET_PTON 1
| #define HAS_INET_NTOP 1
| #define HAS_MSGHDR_FLAGS 1
| /* end confdefs.h.  */
| #include <sys/types.h>
|               #include <sys/socket.h>
| 
| 
| int
| main ()
| {
| if (sizeof ((socklen_t)))
| 	    return 0;
|   ;
|   return 0;
| }
configure:11109: result: yes
conftest.c:31:20: fatal error: socket.h: No such file or directory
compilation terminated.
configure:11144: checking whether to use CRC32
configure:11158: result: no
configure:11320: creating ./config.status

## ---------------- ##
## Cache variables. ##
## ---------------- ##

ac_cv_build=i686-pc-linux-gnu
ac_cv_c_compiler_gnu=yes
ac_cv_env_CC_set=
ac_cv_env_CC_value=
ac_cv_env_CFLAGS_set=
ac_cv_env_CFLAGS_value=
ac_cv_env_CPPFLAGS_set=
ac_cv_env_CPPFLAGS_value=
ac_cv_env_CPP_set=
ac_cv_env_CPP_value=
ac_cv_env_LDFLAGS_set=
ac_cv_env_LDFLAGS_value=
ac_cv_env_LIBS_set=
ac_cv_env_LIBS_value=
ac_cv_env_build_alias_set=
ac_cv_env_build_alias_value=
ac_cv_env_host_alias_set=
ac_cv_env_host_alias_value=
ac_cv_env_target_alias_set=
ac_cv_env_target_alias_value=
ac_cv_func_fcntl=yes
ac_cv_func_gethostbyaddr_r=yes
ac_cv_func_gethostbyname_r=yes
ac_cv_func_inet_ntop=yes
ac_cv_func_inet_pton=yes
ac_cv_func_poll=yes
ac_cv_header_dlfcn_h=yes
ac_cv_header_inttypes_h=yes
ac_cv_header_memory_h=yes
ac_cv_header_stdc=yes
ac_cv_header_stdint_h=yes
ac_cv_header_stdlib_h=yes
ac_cv_header_string_h=yes
ac_cv_header_strings_h=yes
ac_cv_header_sys_stat_h=yes
ac_cv_header_sys_types_h=yes
ac_cv_header_unistd_h=yes
ac_cv_host=i686-pc-linux-gnu
ac_cv_member_struct_msghdr_msg_flags=yes
ac_cv_objext=o
ac_cv_path_EGREP='/bin/grep -E'
ac_cv_path_FGREP='/bin/grep -F'
ac_cv_path_GREP=/bin/grep
ac_cv_path_SED=/bin/sed
ac_cv_path_install='/usr/bin/install -c'
ac_cv_path_mkdir=/bin/mkdir
ac_cv_prog_AWK=gawk
ac_cv_prog_CPP='gcc -E'
ac_cv_prog_ac_ct_AR=ar
ac_cv_prog_ac_ct_CC=gcc
ac_cv_prog_ac_ct_OBJDUMP=objdump
ac_cv_prog_ac_ct_RANLIB=ranlib
ac_cv_prog_ac_ct_STRIP=strip
ac_cv_prog_cc_c89=
ac_cv_prog_cc_g=yes
ac_cv_prog_make_make_set=yes
ac_cv_type_socklen_t=yes
am_cv_CC_dependencies_compiler_type=gcc3
lt_cv_deplibs_check_method=pass_all
lt_cv_file_magic_cmd='$MAGIC_CMD'
lt_cv_file_magic_test_file=
lt_cv_ld_reload_flag=-r
lt_cv_nm_interface='BSD nm'
lt_cv_objdir=.libs
lt_cv_path_LD=/usr/bin/ld
lt_cv_path_NM='/usr/bin/nm -B'
lt_cv_prog_compiler_c_o=yes
lt_cv_prog_compiler_pic_works=yes
lt_cv_prog_compiler_rtti_exceptions=no
lt_cv_prog_compiler_static_works=yes
lt_cv_prog_gnu_ld=yes
lt_cv_sys_global_symbol_pipe='sed -n -e '\''s/^.*[	 ]\([ABCDGIRSTW][ABCDGIRSTW]*\)[	 ][	 ]*\([_A-Za-z][_A-Za-z0-9]*\)$/\1 \2 \2/p'\'''
lt_cv_sys_global_symbol_to_c_name_address='sed -n -e '\''s/^: \([^ ]*\) $/  {\"\1\", (void *) 0},/p'\'' -e '\''s/^[ABCDGIRSTW]* \([^ ]*\) \([^ ]*\)$/  {"\2", (void *) \&\2},/p'\'''
lt_cv_sys_global_symbol_to_c_name_address_lib_prefix='sed -n -e '\''s/^: \([^ ]*\) $/  {\"\1\", (void *) 0},/p'\'' -e '\''s/^[ABCDGIRSTW]* \([^ ]*\) \(lib[^ ]*\)$/  {"\2", (void *) \&\2},/p'\'' -e '\''s/^[ABCDGIRSTW]* \([^ ]*\) \([^ ]*\)$/  {"lib\2", (void *) \&\2},/p'\'''
lt_cv_sys_global_symbol_to_cdecl='sed -n -e '\''s/^T .* \(.*\)$/extern int \1();/p'\'' -e '\''s/^[ABCDGIRSTW]* .* \(.*\)$/extern char \1;/p'\'''
lt_cv_sys_max_cmd_len=805306365

## ----------------- ##
## Output variables. ##
## ----------------- ##

ACLOCAL='${SHELL} /home/daquino/stuff/px/lib/enet-1.2.1.so/missing --run aclocal-1.11'
AMDEPBACKSLASH='\'
AMDEP_FALSE='#'
AMDEP_TRUE=''
AMTAR='${SHELL} /home/daquino/stuff/px/lib/enet-1.2.1.so/missing --run tar'
AR='ar'
AUTOCONF='${SHELL} /home/daquino/stuff/px/lib/enet-1.2.1.so/missing --run autoconf'
AUTOHEADER='${SHELL} /home/daquino/stuff/px/lib/enet-1.2.1.so/missing --run autoheader'
AUTOMAKE='${SHELL} /home/daquino/stuff/px/lib/enet-1.2.1.so/missing --run automake-1.11'
AWK='gawk'
CC='gcc'
CCDEPMODE='depmode=gcc3'
CFLAGS='-g -O2'
CPP='gcc -E'
CPPFLAGS=''
CYGPATH_W='echo'
DEFS='-DPACKAGE_NAME=\"libenet\" -DPACKAGE_TARNAME=\"libenet\" -DPACKAGE_VERSION=\"11-12-2009\" -DPACKAGE_STRING=\"libenet\ 11-12-2009\" -DPACKAGE_BUGREPORT=\"\" -DPACKAGE_URL=\"\" -DSTDC_HEADERS=1 -DHAVE_SYS_TYPES_H=1 -DHAVE_SYS_STAT_H=1 -DHAVE_STDLIB_H=1 -DHAVE_STRING_H=1 -DHAVE_MEMORY_H=1 -DHAVE_STRINGS_H=1 -DHAVE_INTTYPES_H=1 -DHAVE_STDINT_H=1 -DHAVE_UNISTD_H=1 -DHAVE_DLFCN_H=1 -DLT_OBJDIR=\".libs/\" -DPACKAGE=\"libenet\" -DVERSION=\"11-12-2009\" -DHAS_GETHOSTBYADDR_R=1 -DHAS_GETHOSTBYNAME_R=1 -DHAS_POLL=1 -DHAS_FCNTL=1 -DHAS_INET_PTON=1 -DHAS_INET_NTOP=1 -DHAS_MSGHDR_FLAGS=1 -DHAS_SOCKLEN_T=1'
DEPDIR='.deps'
DSYMUTIL=''
DUMPBIN=''
ECHO_C=''
ECHO_N='-n'
ECHO_T=''
EGREP='/bin/grep -E'
EXEEXT=''
FGREP='/bin/grep -F'
GREP='/bin/grep'
INSTALL_DATA='${INSTALL} -m 644'
INSTALL_PROGRAM='${INSTALL}'
INSTALL_SCRIPT='${INSTALL}'
INSTALL_STRIP_PROGRAM='$(install_sh) -c -s'
LD='/usr/bin/ld'
LDFLAGS=''
LIBOBJS=''
LIBS=''
LIBTOOL='$(SHELL) $(top_builddir)/libtool'
LIPO=''
LN_S='ln -s'
LTLIBOBJS=''
MAKEINFO='${SHELL} /home/daquino/stuff/px/lib/enet-1.2.1.so/missing --run makeinfo'
MKDIR_P='/bin/mkdir -p'
NM='/usr/bin/nm -B'
NMEDIT=''
OBJDUMP='objdump'
OBJEXT='o'
OTOOL64=''
OTOOL=''
PACKAGE='libenet'
PACKAGE_BUGREPORT=''
PACKAGE_NAME='libenet'
PACKAGE_STRING='libenet 11-12-2009'
PACKAGE_TARNAME='libenet'
PACKAGE_URL=''
PACKAGE_VERSION='11-12-2009'
PATH_SEPARATOR=':'
RANLIB='ranlib'
SED='/bin/sed'
SET_MAKE=''
SHELL='/bin/bash'
STRIP='strip'
VERSION='11-12-2009'
ac_ct_CC='gcc'
ac_ct_DUMPBIN=''
am__EXEEXT_FALSE=''
am__EXEEXT_TRUE='#'
am__fastdepCC_FALSE='#'
am__fastdepCC_TRUE=''
am__include='include'
am__isrc=''
am__leading_dot='.'
am__quote=''
am__tar='${AMTAR} chof - "$$tardir"'
am__untar='${AMTAR} xf -'
bindir='${exec_prefix}/bin'
build='i686-pc-linux-gnu'
build_alias=''
build_cpu='i686'
build_os='linux-gnu'
build_vendor='pc'
datadir='${datarootdir}'
datarootdir='${prefix}/share'
docdir='${datarootdir}/doc/${PACKAGE_TARNAME}'
dvidir='${docdir}'
exec_prefix='${prefix}'
host='i686-pc-linux-gnu'
host_alias=''
host_cpu='i686'
host_os='linux-gnu'
host_vendor='pc'
htmldir='${docdir}'
includedir='${prefix}/include'
infodir='${datarootdir}/info'
install_sh='${SHELL} /home/daquino/stuff/px/lib/enet-1.2.1.so/install-sh'
libdir='${exec_prefix}/lib'
libexecdir='${exec_prefix}/libexec'
localedir='${datarootdir}/locale'
localstatedir='${prefix}/var'
lt_ECHO='echo'
mandir='${datarootdir}/man'
mkdir_p='/bin/mkdir -p'
oldincludedir='/usr/include'
pdfdir='${docdir}'
prefix='/usr/local'
program_transform_name='s,x,x,'
psdir='${docdir}'
sbindir='${exec_prefix}/sbin'
sharedstatedir='${prefix}/com'
sysconfdir='${prefix}/etc'
target_alias=''

## ----------- ##
## confdefs.h. ##
## ----------- ##

/* confdefs.h */
#define PACKAGE_NAME "libenet"
#define PACKAGE_TARNAME "libenet"
#define PACKAGE_VERSION "11-12-2009"
#define PACKAGE_STRING "libenet 11-12-2009"
#define PACKAGE_BUGREPORT ""
#define PACKAGE_URL ""
#define STDC_HEADERS 1
#define HAVE_SYS_TYPES_H 1
#define HAVE_SYS_STAT_H 1
#define HAVE_STDLIB_H 1
#define HAVE_STRING_H 1
#define HAVE_MEMORY_H 1
#define HAVE_STRINGS_H 1
#define HAVE_INTTYPES_H 1
#define HAVE_STDINT_H 1
#define HAVE_UNISTD_H 1
#define HAVE_DLFCN_H 1
#define LT_OBJDIR ".libs/"
#define PACKAGE "libenet"
#define VERSION "11-12-2009"
#define HAS_GETHOSTBYADDR_R 1
#define HAS_GETHOSTBYNAME_R 1
#define HAS_POLL 1
#define HAS_FCNTL 1
#define HAS_INET_PTON 1
#define HAS_INET_NTOP 1
#define HAS_MSGHDR_FLAGS 1
#define HAS_SOCKLEN_T 1

configure: exit 0

## ---------------------- ##
## Running config.status. ##
## ---------------------- ##

This file was extended by libenet config.status 11-12-2009, which was
generated by GNU Autoconf 2.67.  Invocation command line was

  CONFIG_FILES    = 
  CONFIG_HEADERS  = 
  CONFIG_LINKS    = 
  CONFIG_COMMANDS = 
  $ ./config.status 

on daquino-desktop

config.status:994: creating Makefile
config.status:994: creating include/Makefile
config.status:994: creating include/enet/Makefile
config.status:1165: executing libtool commands
config.status:1165: executing depfiles commands
